#-----------------------------------------------------------
# Vivado v2024.2 (64-bit)
# SW Build 5239630 on Fri Nov 08 22:35:27 MST 2024
# IP Build 5239520 on Sun Nov 10 16:12:51 MST 2024
# SharedData Build 5239561 on Fri Nov 08 14:39:27 MST 2024
# Start of session at: Wed Apr 30 07:53:30 2025
# Process ID         : 19520
# Current directory  : F:/GitHub/Compilateur-MICroprocesseur/Processeur
# Command line       : vivado.exe -gui_launcher_event rodinguilauncherevent20872 F:\GitHub\Compilateur-MICroprocesseur\Processeur\Processeur.xpr
# Log file           : F:/GitHub/Compilateur-MICroprocesseur/Processeur/vivado.log
# Journal file       : F:/GitHub/Compilateur-MICroprocesseur/Processeur\vivado.jou
# Running On         : DESKTOP-EQSORHP
# Platform           : Windows Server 2016 or Windows 10
# Operating System   : 19045
# Processor Detail   : AMD Ryzen 5 2600 Six-Core Processor            
# CPU Frequency      : 3394 MHz
# CPU Physical cores : 6
# CPU Logical cores  : 12
# Host memory        : 17125 MB
# Swap memory        : 4160 MB
# Total Virtual      : 21286 MB
# Available Virtual  : 10775 MB
#-----------------------------------------------------------
start_gui
open_project F:/GitHub/Compilateur-MICroprocesseur/Processeur/Processeur.xpr
INFO: [Project 1-313] Project file moved from 'C:/Users/Fofog/Documents/GitHub/Compilateur-MICroprocesseur/Processeur' since last save.
INFO: [filemgmt 56-3] Default IP Output Path : Could not find the directory 'F:/GitHub/Compilateur-MICroprocesseur/Processeur/Processeur.gen/sources_1'.
Scanning sources...
Finished scanning sources
INFO: [IP_Flow 19-234] Refreshing IP repositories
INFO: [IP_Flow 19-1704] No user IP repositories specified
INFO: [IP_Flow 19-2313] Loaded Vivado IP repository 'F:/Vivado/2024.2/data/ip'.
open_project: Time (s): cpu = 00:00:15 ; elapsed = 00:00:07 . Memory (MB): peak = 1202.609 ; gain = 123.402
update_compile_order -fileset sources_1
add_files -norecurse {F:/GitHub/Compilateur-MICroprocesseur/Processeur/Processeur.srcs/sources_1/new/data_path.vhd F:/GitHub/Compilateur-MICroprocesseur/Processeur/Processeur.srcs/sources_1/new/interface.vhd F:/GitHub/Compilateur-MICroprocesseur/Processeur/Processeur.srcs/sources_1/new/processor.vhd}
update_compile_order -fileset sources_1
export_ip_user_files -of_objects  [get_files F:/GitHub/Compilateur-MICroprocesseur/Processeur/Processeur.srcs/sources_1/new/data_path.vhd] -no_script -reset -force -quiet
remove_files  F:/GitHub/Compilateur-MICroprocesseur/Processeur/Processeur.srcs/sources_1/new/data_path.vhd
set_property SOURCE_SET sources_1 [get_filesets sim_1]
add_files -fileset sim_1 -norecurse {F:/GitHub/Compilateur-MICroprocesseur/Processeur/Processeur.srcs/sim_1/new/Instruction_decoder_test.vhd F:/GitHub/Compilateur-MICroprocesseur/Processeur/Processeur.srcs/sim_1/new/Registers_test.vhd F:/GitHub/Compilateur-MICroprocesseur/Processeur/Processeur.srcs/sim_1/new/memory_tb.vhd F:/GitHub/Compilateur-MICroprocesseur/Processeur/Processeur.srcs/sim_1/new/ALU_test.vhd}
WARNING: [filemgmt 56-12] File 'F:/GitHub/Compilateur-MICroprocesseur/Processeur/Processeur.srcs/sim_1/new/memory_tb.vhd' cannot be added to the project because it already exists in the project, skipping this file
WARNING: [filemgmt 56-12] File 'F:/GitHub/Compilateur-MICroprocesseur/Processeur/Processeur.srcs/sim_1/new/ALU_test.vhd' cannot be added to the project because it already exists in the project, skipping this file
update_compile_order -fileset sim_1
add_files -norecurse F:/GitHub/Compilateur-MICroprocesseur/Processeur/Processeur.srcs/sources_1/new/Instruction_decoder.vhd
update_compile_order -fileset sources_1
set_property top processor [get_filesets sim_1]
set_property top_lib xil_defaultlib [get_filesets sim_1]
update_compile_order -fileset sim_1
set_property top processor [current_fileset]
update_compile_order -fileset sources_1
